<?xml version="1.0" encoding="UTF-8"?>
<coverage generated="1728527492237" clover="3.2.0">
  <project timestamp="1728527492237" name="All files">
    <metrics statements="14" coveredstatements="7" conditionals="4" coveredconditionals="0" methods="5" coveredmethods="3" elements="23" coveredelements="10" complexity="0" loc="14" ncloc="14" packages="1" files="1" classes="1"/>
    <file name="PositiveArray.ts" path="C:\Users\aluno\Videos\Captures\lp2\LP2_2024_2\avaliacao01\src\models\PositiveArray.ts">
      <metrics statements="14" coveredstatements="7" conditionals="4" coveredconditionals="0" methods="5" coveredmethods="3"/>
      <line num="4" count="1" type="stmt"/>
      <line num="8" count="1" type="stmt"/>
      <line num="15" count="1" type="stmt"/>
      <line num="16" count="0" type="cond" truecount="0" falsecount="1"/>
      <line num="17" count="0" type="stmt"/>
      <line num="26" count="1" type="stmt"/>
      <line num="27" count="0" type="cond" truecount="0" falsecount="3"/>
      <line num="28" count="0" type="stmt"/>
      <line num="29" count="0" type="stmt"/>
      <line num="34" count="0" type="stmt"/>
      <line num="37" count="0" type="stmt"/>
      <line num="43" count="1" type="stmt"/>
      <line num="44" count="1" type="stmt"/>
      <line num="46" count="1" type="stmt"/>
    </file>
  </project>
</coverage>
